\BOOKMARK [0][-]{chapter.1}{Introduction}{}% 1
\BOOKMARK [0][-]{chapter.2}{Quantum Computing}{}% 2
\BOOKMARK [1][-]{section.2.1}{Section 1}{chapter.2}% 3
\BOOKMARK [1][-]{section.2.2}{Section 2}{chapter.2}% 4
\BOOKMARK [1][-]{section.2.3}{Section 3}{chapter.2}% 5
\BOOKMARK [1][-]{section.2.4}{Section 4}{chapter.2}% 6
\BOOKMARK [1][-]{section.2.5}{Section 5}{chapter.2}% 7
\BOOKMARK [1][-]{section.2.6}{Section 6}{chapter.2}% 8
\BOOKMARK [0][-]{chapter.3}{Quantum Time Simulation}{}% 9
\BOOKMARK [1][-]{section.3.1}{Quantum Time Simulation v. Classical Time Simulation}{chapter.3}% 10
\BOOKMARK [1][-]{section.3.2}{Common Approximation Schemes for Unitary Evolution}{chapter.3}% 11
\BOOKMARK [2][-]{subsection.3.2.1}{Trotter Formulas}{section.3.2}% 12
\BOOKMARK [2][-]{subsection.3.2.2}{Some Cubic Order Schemes}{section.3.2}% 13
\BOOKMARK [2][-]{subsection.3.2.3}{Suzuki - Trotter Scheme}{section.3.2}% 14
\BOOKMARK [1][-]{section.3.3}{Quantum Time Simulation of the Hubbard Model}{chapter.3}% 15
\BOOKMARK [0][-]{chapter.4}{Anisotropic Spin Chain}{}% 16
\BOOKMARK [1][-]{section.4.1}{Section 1}{chapter.4}% 17
\BOOKMARK [1][-]{section.4.2}{Section 2}{chapter.4}% 18
\BOOKMARK [1][-]{section.4.3}{Section 3}{chapter.4}% 19
\BOOKMARK [1][-]{section.4.4}{Section 4}{chapter.4}% 20
\BOOKMARK [1][-]{section.4.5}{Section 5}{chapter.4}% 21
\BOOKMARK [1][-]{section.4.6}{Section 6}{chapter.4}% 22
\BOOKMARK [0][-]{chapter.5}{Variation Quantum Thermalizer}{}% 23
\BOOKMARK [1][-]{section.5.1}{Section 1}{chapter.5}% 24
\BOOKMARK [1][-]{section.5.2}{Section 2}{chapter.5}% 25
\BOOKMARK [1][-]{section.5.3}{Section 3}{chapter.5}% 26
\BOOKMARK [1][-]{section.5.4}{Section 4}{chapter.5}% 27
